2023.03.16 18:39:25 INFO  Started: Metals version 0.11.11 in workspace '/Users/patrickwatters/Projects/zkp/dist-zkp-ops' for client Visual Studio Code 1.76.0.
SLF4J: No SLF4J providers were found.
SLF4J: Defaulting to no-operation (NOP) logger implementation
SLF4J: See https://www.slf4j.org/codes.html#noProviders for further details.
SLF4J: Class path contains SLF4J bindings targeting slf4j-api versions 1.7.x or earlier.
SLF4J: Ignoring binding found at [jar:file:/Users/patrickwatters/Library/Caches/Coursier/v1/https/repo1.maven.org/maven2/com/outr/scribe-slf4j_2.13/3.11.0/scribe-slf4j_2.13-3.11.0.jar!/org/slf4j/impl/StaticLoggerBinder.class]
SLF4J: See https://www.slf4j.org/codes.html#ignoredBindings for an explanation.
2023.03.16 18:39:25 INFO  time: initialize in 0.71s
2023.03.16 18:39:28 WARN  Build server is not auto-connectable.
2023.03.16 18:39:28 WARN  no build target for: /Users/patrickwatters/Projects/zkp/dist-zkp-ops/src/main/java/Testing.java
2023.03.16 18:39:28 WARN  no build target for: /Users/patrickwatters/Projects/zkp/dist-zkp-ops/src/main/java/ZKPServer.java
Mar 16, 2023 6:39:28 PM org.eclipse.lsp4j.jsonrpc.RemoteEndpoint handleCancellation
WARNING: Unmatched cancel notification for request id 3
2023.03.16 18:39:29 INFO  time: code lens generation in 1.11s
2023.03.16 18:39:50 WARN  no build target for: /Users/patrickwatters/Projects/zkp/dist-zkp-ops/src/main/java/FFTData.java
2023.03.16 18:39:52 WARN  no build target for: /Users/patrickwatters/Projects/zkp/dist-zkp-ops/src/main/java/Executor.java
2023.03.16 18:44:13 WARN  no build target for: /Users/patrickwatters/Projects/zkp/dist-zkp-ops/src/main/java/algebra/curves/barreto_naehrig/bn256/BN256Fields.java
2023.03.16 18:44:13 WARN  no build target for: /Users/patrickwatters/Projects/zkp/dist-zkp-ops/src/main/java/Executor.java
Mar 16, 2023 6:44:14 PM org.eclipse.lsp4j.jsonrpc.RemoteEndpoint handleCancellation
WARNING: Unmatched cancel notification for request id 100
2023.03.16 18:44:15 WARN  no build target for: /Users/patrickwatters/Projects/zkp/dist-zkp-ops/src/main/java/algebra/curves/barreto_naehrig/bn256/BN256Fields.java
2023.03.16 18:44:15 WARN  no build target for: /Users/patrickwatters/Projects/zkp/dist-zkp-ops/src/main/java/Executor.java
2023.03.16 18:46:53 WARN  no build target for: /Users/patrickwatters/Projects/zkp/dist-zkp-ops/src/main/java/algebra/curves/barreto_naehrig/bn256/BN256Fields.java
2023.03.16 18:46:54 WARN  no build target for: /Users/patrickwatters/Projects/zkp/dist-zkp-ops/src/main/java/algebra/curves/barreto_naehrig/bn256/BN256Fields.java
2023.03.16 20:13:14 INFO  Shutting down server
2023.03.16 20:13:14 INFO  shutting down Metals
2023.03.16 20:13:14 INFO  Exiting server
2023.03.16 20:38:58 INFO  Started: Metals version 0.11.11 in workspace '/Users/patrickwatters/Projects/zkp/dist-zkp-ops' for client Visual Studio Code 1.76.0.
SLF4J: No SLF4J providers were found.
SLF4J: Defaulting to no-operation (NOP) logger implementation
SLF4J: See https://www.slf4j.org/codes.html#noProviders for further details.
SLF4J: Class path contains SLF4J bindings targeting slf4j-api versions 1.7.x or earlier.
SLF4J: Ignoring binding found at [jar:file:/Users/patrickwatters/Library/Caches/Coursier/v1/https/repo1.maven.org/maven2/com/outr/scribe-slf4j_2.13/3.11.0/scribe-slf4j_2.13-3.11.0.jar!/org/slf4j/impl/StaticLoggerBinder.class]
SLF4J: See https://www.slf4j.org/codes.html#ignoredBindings for an explanation.
2023.03.16 20:38:59 INFO  time: initialize in 0.47s
2023.03.16 20:39:00 WARN  Build server is not auto-connectable.
2023.03.16 20:39:00 WARN  no build target for: /Users/patrickwatters/Projects/zkp/dist-zkp-ops/src/main/java/Executor.java
2023.03.16 20:39:01 INFO  time: code lens generation in 1.11s
2023.03.16 20:40:14 WARN  no build target for: /Users/patrickwatters/Projects/zkp/dist-zkp-ops/src/main/java/Testing.java
2023.03.16 20:40:30 WARN  no build target for: /Users/patrickwatters/Projects/zkp/dist-zkp-ops/src/main/java/ZKPServer.java
2023.03.16 20:49:21 WARN  no build target for: /Users/patrickwatters/Projects/zkp/dist-zkp-ops/src/main/java/FFTData.java
2023.03.16 21:08:38 WARN  no build target for: /Users/patrickwatters/Projects/zkp/dist-zkp-ops/src/main/java/algebra/fft/SerialFFT.java
2023.03.16 23:00:47 INFO  Shutting down server
2023.03.16 23:00:47 INFO  shutting down Metals
2023.03.16 23:00:47 INFO  Exiting server
2023.03.17 03:19:15 INFO  Started: Metals version 0.11.11 in workspace '/Users/patrickwatters/Projects/zkp/dist-zkp-ops' for client Visual Studio Code 1.76.0.
SLF4J: No SLF4J providers were found.
SLF4J: Defaulting to no-operation (NOP) logger implementation
SLF4J: See https://www.slf4j.org/codes.html#noProviders for further details.
SLF4J: Class path contains SLF4J bindings targeting slf4j-api versions 1.7.x or earlier.
SLF4J: Ignoring binding found at [jar:file:/Users/patrickwatters/Library/Caches/Coursier/v1/https/repo1.maven.org/maven2/com/outr/scribe-slf4j_2.13/3.11.0/scribe-slf4j_2.13-3.11.0.jar!/org/slf4j/impl/StaticLoggerBinder.class]
SLF4J: See https://www.slf4j.org/codes.html#ignoredBindings for an explanation.
2023.03.17 03:19:17 INFO  time: initialize in 1.61s
2023.03.17 03:19:23 WARN  Build server is not auto-connectable.
2023.03.17 03:19:23 WARN  no build target for: /Users/patrickwatters/Projects/zkp/dist-zkp-ops/src/main/java/ZKPServer.java
Mar 17, 2023 3:19:23 AM org.eclipse.lsp4j.jsonrpc.RemoteEndpoint handleCancellation
WARNING: Unmatched cancel notification for request id 2
2023.03.17 03:19:25 INFO  time: code lens generation in 1.88s
2023.03.17 03:19:25 INFO  time: code lens generation in 1.91s
2023.03.17 03:39:28 INFO  Shutting down server
2023.03.17 03:39:28 INFO  shutting down Metals
2023.03.17 03:39:28 INFO  Exiting server
2023.03.23 11:41:03 INFO  Started: Metals version 0.11.11 in workspace '/Users/patrickwatters/Projects/zkp/dist-zkp-ops' for client Visual Studio Code 1.76.2.
SLF4J: No SLF4J providers were found.
SLF4J: Defaulting to no-operation (NOP) logger implementation
SLF4J: See https://www.slf4j.org/codes.html#noProviders for further details.
SLF4J: Class path contains SLF4J bindings targeting slf4j-api versions 1.7.x or earlier.
SLF4J: Ignoring binding found at [jar:file:/Users/patrickwatters/Library/Caches/Coursier/v1/https/repo1.maven.org/maven2/com/outr/scribe-slf4j_2.13/3.11.0/scribe-slf4j_2.13-3.11.0.jar!/org/slf4j/impl/StaticLoggerBinder.class]
SLF4J: See https://www.slf4j.org/codes.html#ignoredBindings for an explanation.
2023.03.23 11:41:04 INFO  time: initialize in 0.42s
2023.03.23 11:41:05 WARN  Build server is not auto-connectable.
2023.03.23 11:41:05 WARN  no build target for: /Users/patrickwatters/Projects/zkp/dist-zkp-ops/src/main/java/ZKPServer.java
2023.03.23 11:41:06 INFO  time: code lens generation in 1.21s
2023.03.23 11:41:50 WARN  no build target for: /Users/patrickwatters/Projects/zkp/dist-zkp-ops/src/main/java/common/SparkUtils.java
2023.03.23 11:41:52 WARN  no build target for: /Users/patrickwatters/Projects/zkp/dist-zkp-ops/src/main/java/common/NaiveEvaluation.java
2023.03.23 11:41:54 WARN  no build target for: /Users/patrickwatters/Projects/zkp/dist-zkp-ops/src/main/java/common/MathUtils.java
2023.03.23 11:41:58 WARN  no build target for: /Users/patrickwatters/Projects/zkp/dist-zkp-ops/src/main/java/configuration/Configuration.java
Mar 23, 2023 11:42:21 AM org.eclipse.lsp4j.jsonrpc.services.GenericEndpoint notify
INFO: Unsupported notification method: $/setTrace
2023.03.23 11:42:26 WARN  no build target for: /Users/patrickwatters/Projects/zkp/dist-zkp-ops/src/main/java/Testing.java
